[1012/174506.726:WARNING:backend_impl.cc(1837)] Destroying invalid entry.
[1012/174506.736:ERROR:backend_impl.cc(1041)] Critical error found -8
[1012/174508.156:WARNING:storage_block-inl.h(146)] Failed data load.
[1012/174508.217:WARNING:storage_block-inl.h(146)] Failed data load.
[1012/174508.217:WARNING:storage_block-inl.h(146)] Failed data load.
[1012/174508.217:WARNING:storage_block-inl.h(146)] Failed data load.
[1012/174508.217:ERROR:entry_impl.cc(998)] Failed to save user data
[1012/174508.217:ERROR:entry_impl.cc(998)] Failed to save user data
[1012/174520.374:WARNING:spdy_session.cc(3431)] Received HEADERS for invalid stream 1
[1012/174520.624:WARNING:spdy_session.cc(3431)] Received HEADERS for invalid stream 3
[1012/174520.625:WARNING:spdy_session.cc(3431)] Received HEADERS for invalid stream 5
[1012/174520.896:WARNING:spdy_session.cc(3431)] Received HEADERS for invalid stream 7
[1012/174521.197:WARNING:spdy_session.cc(3431)] Received HEADERS for invalid stream 9
[1012/174521.409:WARNING:spdy_session.cc(3431)] Received HEADERS for invalid stream 15
[1012/174521.687:WARNING:spdy_session.cc(3431)] Received HEADERS for invalid stream 17
[1012/174521.869:WARNING:spdy_session.cc(3431)] Received HEADERS for invalid stream 19
[1012/174522.074:WARNING:spdy_session.cc(3431)] Received HEADERS for invalid stream 21
[1012/174522.466:WARNING:spdy_session.cc(3431)] Received HEADERS for invalid stream 23
[1012/174522.776:WARNING:spdy_session.cc(3431)] Received HEADERS for invalid stream 11
[1012/174522.904:WARNING:spdy_session.cc(3431)] Received HEADERS for invalid stream 13
[1012/174523.145:WARNING:spdy_session.cc(3431)] Received HEADERS for invalid stream 25
[1012/174523.263:WARNING:spdy_session.cc(3431)] Received HEADERS for invalid stream 27
[1012/174523.393:WARNING:spdy_session.cc(3431)] Received HEADERS for invalid stream 29
[1012/174638.656:ERROR:gpu_init.cc(426)] Passthrough is not supported, GL is disabled
